#
# There is insufficient memory for the Java Runtime Environment to continue.
# Native memory allocation (mmap) failed to map 65011712 bytes for G1 virtual space
# Possible reasons:
#   The system is out of physical RAM or swap space
#   The process is running with CompressedOops enabled, and the Java Heap may be blocking the growth of the native heap
# Possible solutions:
#   Reduce memory load on the system
#   Increase physical memory or swap space
#   Check if swap backing store is full
#   Decrease Java heap size (-Xmx/-Xms)
#   Decrease number of Java threads
#   Decrease Java thread stack sizes (-Xss)
#   Set larger code cache with -XX:ReservedCodeCacheSize=
#   JVM is running with Unscaled Compressed Oops mode in which the Java heap is
#     placed in the first 4GB address space. The Java Heap base address is the
#     maximum limit for the native heap growth. Please use -XX:HeapBaseMinAddress
#     to set the Java Heap base and to place the Java Heap above 4GB virtual address.
# This output file may be truncated or incomplete.
#
#  Out of Memory Error (os_windows.cpp:3532), pid=11420, tid=1336
#
# JRE version:  (17.0.2+8) (build )
# Java VM: Java HotSpot(TM) 64-Bit Server VM (17.0.2+8-LTS-86, mixed mode, emulated-client, sharing, tiered, compressed oops, compressed class ptrs, g1 gc, windows-amd64)
# No core dump will be written. Minidumps are not enabled by default on client versions of Windows
#

---------------  S U M M A R Y ------------

Command Line: -Dcom.sun.management.jmxremote -Dcom.sun.management.jmxremote.port=64759 -Dcom.sun.management.jmxremote.authenticate=false -Dcom.sun.management.jmxremote.ssl=false -Djava.rmi.server.hostname=localhost -Dspring.jmx.enabled=true -Dspring.application.admin.enabled=true -XX:TieredStopAtLevel=1 -Dspring.boot.project.name=bootcampProject -Dfile.encoding=UTF-8 -XX:+ShowCodeDetailsInExceptionMessages com.kodlamaio.bootcampProject.BootcampProjectApplication --spring.output.ansi.enabled=always

Host: Intel(R) Core(TM) i3-1005G1 CPU @ 1.20GHz, 4 cores, 3G,  Windows 11 , 64 bit Build 22000 (10.0.22000.1219)
Time: Sun Nov 27 19:04:48 2022 Türkiye Standart Saati elapsed time: 0.036890 seconds (0d 0h 0m 0s)

---------------  T H R E A D  ---------------

Current thread (0x00000229690bd8c0):  JavaThread "Unknown thread" [_thread_in_vm, id=1336, stack(0x000000995c700000,0x000000995c800000)]

Stack: [0x000000995c700000,0x000000995c800000]
Native frames: (J=compiled Java code, j=interpreted, Vv=VM code, C=native code)
V  [jvm.dll+0x670baa]
V  [jvm.dll+0x7cfcb4]
V  [jvm.dll+0x7d145e]
V  [jvm.dll+0x7d1ac3]
V  [jvm.dll+0x242bc5]
V  [jvm.dll+0x66dac9]
V  [jvm.dll+0x662412]
V  [jvm.dll+0x300c0b]
V  [jvm.dll+0x3081a6]
V  [jvm.dll+0x357d0e]
V  [jvm.dll+0x357f3f]
V  [jvm.dll+0x2d7ec8]
V  [jvm.dll+0x2d8e34]
V  [jvm.dll+0x7a18c1]
V  [jvm.dll+0x365a91]
V  [jvm.dll+0x780d2c]
V  [jvm.dll+0x3e845f]
V  [jvm.dll+0x3e9f01]
C  [jli.dll+0x527b]
C  [ucrtbase.dll+0x26c0c]
C  [KERNEL32.DLL+0x15550]
C  [ntdll.dll+0x485b]


---------------  P R O C E S S  ---------------

Threads class SMR info:
_java_thread_list=0x00007ffa16219858, length=0, elements={
}

Java Threads: ( => current thread )

Other Threads:
  0x00000229690ea810 GCTaskThread "GC Thread#0" [stack: 0x000000995c900000,0x000000995ca00000] [id=17108]
  0x00000229690f3150 ConcurrentGCThread "G1 Main Marker" [stack: 0x000000995ca00000,0x000000995cb00000] [id=15108]
  0x00000229690f6480 ConcurrentGCThread "G1 Conc#0" [stack: 0x000000995cb00000,0x000000995cc00000] [id=15560]

[error occurred during error reporting (printing all threads), id 0xc0000005, EXCEPTION_ACCESS_VIOLATION (0xc0000005) at pc=0x00007ffa15a688a7]

VM state: not at safepoint (not fully initialized)

VM Mutex/Monitor currently owned by a thread:  ([mutex/lock_event])
[0x00000229690b7bf0] Heap_lock - owner thread: 0x00000229690bd8c0

Heap address: 0x00000000c3000000, size: 976 MB, Compressed Oops mode: 32-bit

CDS archive(s) mapped at: [0x0000000000000000-0x0000000000000000-0x0000000000000000), size 0, SharedBaseAddress: 0x0000000800000000, ArchiveRelocationMode: 0.
Narrow klass base: 0x0000000000000000, Narrow klass shift: 0, Narrow klass range: 0x0

GC Precious Log:
<Empty>

Heap:
 garbage-first heap   total 0K, used 0K [0x00000000c3000000, 0x0000000100000000)
  region size 1024K, 0 young (0K), 0 survivors (0K)

[error occurred during error reporting (printing heap information), id 0xc0000005, EXCEPTION_ACCESS_VIOLATION (0xc0000005) at pc=0x00007ffa15e49f19]

GC Heap History (0 events):
No events

Deoptimization events (0 events):
No events

Classes unloaded (0 events):
No events

Classes redefined (0 events):
No events

Internal exceptions (0 events):
No events

VM Operations (0 events):
No events

Events (1 events):
Event: 0.021 Loaded shared library C:\Program Files\Java\jdk-17.0.2\bin\java.dll


Dynamic libraries:
0x00007ff671a40000 - 0x00007ff671a50000 	C:\Program Files\Java\jdk-17.0.2\bin\javaw.exe
0x00007ffa9cb00000 - 0x00007ffa9cd09000 	C:\WINDOWS\SYSTEM32\ntdll.dll
0x00007ffa9bed0000 - 0x00007ffa9bf8e000 	C:\WINDOWS\System32\KERNEL32.DLL
0x00007ffa9a600000 - 0x00007ffa9a97b000 	C:\WINDOWS\System32\KERNELBASE.dll
0x00007ffa9a0f0000 - 0x00007ffa9a201000 	C:\WINDOWS\System32\ucrtbase.dll
0x00007ffa7bf00000 - 0x00007ffa7bf18000 	C:\Program Files\Java\jdk-17.0.2\bin\jli.dll
0x00007ffa9c400000 - 0x00007ffa9c4ae000 	C:\WINDOWS\System32\ADVAPI32.dll
0x00007ffa9c510000 - 0x00007ffa9c5b3000 	C:\WINDOWS\System32\msvcrt.dll
0x00007ffa9a980000 - 0x00007ffa9aa1e000 	C:\WINDOWS\System32\sechost.dll
0x00007ffa9c9a0000 - 0x00007ffa9cac0000 	C:\WINDOWS\System32\RPCRT4.dll
0x00007ffa9c0a0000 - 0x00007ffa9c24d000 	C:\WINDOWS\System32\USER32.dll
0x00007ffa9a3f0000 - 0x00007ffa9a416000 	C:\WINDOWS\System32\win32u.dll
0x00007ffa9c970000 - 0x00007ffa9c999000 	C:\WINDOWS\System32\GDI32.dll
0x00007ffa99fd0000 - 0x00007ffa9a0e8000 	C:\WINDOWS\System32\gdi32full.dll
0x00007ffa9a4a0000 - 0x00007ffa9a53d000 	C:\WINDOWS\System32\msvcp_win.dll
0x00007ffa92c30000 - 0x00007ffa92c4a000 	C:\Program Files\Java\jdk-17.0.2\bin\VCRUNTIME140.dll
0x00007ffa88840000 - 0x00007ffa88ae5000 	C:\WINDOWS\WinSxS\amd64_microsoft.windows.common-controls_6595b64144ccf1df_6.0.22000.120_none_9d947278b86cc467\COMCTL32.dll
0x00007ffa92d90000 - 0x00007ffa92d9a000 	C:\WINDOWS\SYSTEM32\VERSION.dll
0x00007ffa9abc0000 - 0x00007ffa9abf2000 	C:\WINDOWS\System32\IMM32.DLL
0x00007ffa95c60000 - 0x00007ffa95c6c000 	C:\Program Files\Java\jdk-17.0.2\bin\vcruntime140_1.dll
0x00007ffa7ba40000 - 0x00007ffa7bacd000 	C:\Program Files\Java\jdk-17.0.2\bin\msvcp140.dll
0x00007ffa15780000 - 0x00007ffa16341000 	C:\Program Files\Java\jdk-17.0.2\bin\server\jvm.dll
0x00007ffa9bdc0000 - 0x00007ffa9bdc8000 	C:\WINDOWS\System32\PSAPI.DLL
0x00007ffa897c0000 - 0x00007ffa897c9000 	C:\WINDOWS\SYSTEM32\WSOCK32.dll
0x00007ffa9c900000 - 0x00007ffa9c96f000 	C:\WINDOWS\System32\WS2_32.dll
0x00007ffa94990000 - 0x00007ffa949c3000 	C:\WINDOWS\SYSTEM32\WINMM.dll
0x00007ffa99010000 - 0x00007ffa99028000 	C:\WINDOWS\SYSTEM32\kernel.appcore.dll
0x00007ffa95ba0000 - 0x00007ffa95baa000 	C:\Program Files\Java\jdk-17.0.2\bin\jimage.dll
0x00007ffa97a60000 - 0x00007ffa97c81000 	C:\WINDOWS\SYSTEM32\DBGHELP.DLL
0x00007ffa7c400000 - 0x00007ffa7c431000 	C:\WINDOWS\SYSTEM32\dbgcore.DLL
0x00007ffa9a420000 - 0x00007ffa9a49f000 	C:\WINDOWS\System32\bcryptPrimitives.dll
0x00007ffa7bb20000 - 0x00007ffa7bb45000 	C:\Program Files\Java\jdk-17.0.2\bin\java.dll

dbghelp: loaded successfully - version: 4.0.5 - missing functions: none
symbol engine: initialized successfully - sym options: 0x614 - pdb path: .;C:\Program Files\Java\jdk-17.0.2\bin;C:\WINDOWS\SYSTEM32;C:\WINDOWS\WinSxS\amd64_microsoft.windows.common-controls_6595b64144ccf1df_6.0.22000.120_none_9d947278b86cc467;C:\Program Files\Java\jdk-17.0.2\bin\server

VM Arguments:
jvm_args: -Dcom.sun.management.jmxremote -Dcom.sun.management.jmxremote.port=64759 -Dcom.sun.management.jmxremote.authenticate=false -Dcom.sun.management.jmxremote.ssl=false -Djava.rmi.server.hostname=localhost -Dspring.jmx.enabled=true -Dspring.application.admin.enabled=true -XX:TieredStopAtLevel=1 -Dspring.boot.project.name=bootcampProject -Dfile.encoding=UTF-8 -XX:+ShowCodeDetailsInExceptionMessages 
java_command: com.kodlamaio.bootcampProject.BootcampProjectApplication --spring.output.ansi.enabled=always
java_class_path (initial): C:\Users\brnoz\git\repository7\bootcampProject\target\classes;C:\Users\brnoz\.m2\repository\org\modelmapper\modelmapper\3.0.0\modelmapper-3.0.0.jar;C:\Users\brnoz\.m2\repository\org\springframework\boot\spring-boot-starter-data-jpa\2.7.5\spring-boot-starter-data-jpa-2.7.5.jar;C:\Users\brnoz\.m2\repository\org\springframework\boot\spring-boot-starter-aop\2.7.5\spring-boot-starter-aop-2.7.5.jar;C:\Users\brnoz\.m2\repository\org\springframework\spring-aop\5.3.23\spring-aop-5.3.23.jar;C:\Users\brnoz\.m2\repository\org\aspectj\aspectjweaver\1.9.7\aspectjweaver-1.9.7.jar;C:\Users\brnoz\.m2\repository\org\springframework\boot\spring-boot-starter-jdbc\2.7.5\spring-boot-starter-jdbc-2.7.5.jar;C:\Users\brnoz\.m2\repository\com\zaxxer\HikariCP\4.0.3\HikariCP-4.0.3.jar;C:\Users\brnoz\.m2\repository\org\springframework\spring-jdbc\5.3.23\spring-jdbc-5.3.23.jar;C:\Users\brnoz\.m2\repository\jakarta\transaction\jakarta.transaction-api\1.3.3\jakarta.transaction-api-1.3.3.jar;C:\Users\brnoz\.m2\repository\jakarta\persistence\jakarta.persistence-api\2.2.3\jakarta.persistence-api-2.2.3.jar;C:\Users\brnoz\.m2\repository\org\hibernate\hibernate-core\5.6.12.Final\hibernate-core-5.6.12.Final.jar;C:\Users\brnoz\.m2\repository\org\jboss\logging\jboss-logging\3.4.3.Final\jboss-logging-3.4.3.Final.jar;C:\Users\brnoz\.m2\repository\net\bytebuddy\byte-buddy\1.12.18\byte-buddy-1.12.18.jar;C:\Users\brnoz\.m2\repository\antlr\antlr\2.7.7\antlr-2.7.7.jar;C:\Users\brnoz\.m2\repository\org\jboss\jandex\2.4.2.Final\jandex-2.4.2.Final.jar;C:\Users\brnoz\.m2\repository\com\fasterxml\classmate\1.5.1\classmate-1.5.1.jar;C:\Users\brnoz\.m2\repository\org\hibernate\common\hibernate-commons-annotations\5.1.2.Final\hibernate-commons-annotations-5.1.2.Final.jar;C:\Users\brnoz\.m2\repository\org\glassfish\jaxb\jaxb-runtime\2.3.7\jaxb-runtime-2.3.7.jar;C:\Users\brnoz\.m2\repository\org\glassfish\jaxb\txw2\2.3.7\txw2-2.3.7.jar;C:\Users\brnoz\.m2\repository\com\sun\istack\istack-common
Launcher Type: SUN_STANDARD

[Global flags]
     intx CICompilerCount                          = 3                                         {product} {ergonomic}
     uint ConcGCThreads                            = 1                                         {product} {ergonomic}
     uint G1ConcRefinementThreads                  = 4                                         {product} {ergonomic}
   size_t G1HeapRegionSize                         = 1048576                                   {product} {ergonomic}
    uintx GCDrainStackTargetSize                   = 64                                        {product} {ergonomic}
   size_t InitialHeapSize                          = 65011712                                  {product} {ergonomic}
     bool ManagementServer                         = true                                      {product} {command line}
   size_t MarkStackSize                            = 4194304                                   {product} {ergonomic}
   size_t MaxHeapSize                              = 1023410176                                {product} {ergonomic}
   size_t MinHeapDeltaBytes                        = 1048576                                   {product} {ergonomic}
   size_t MinHeapSize                              = 8388608                                   {product} {ergonomic}
    uintx NonProfiledCodeHeapSize                  = 0                                      {pd product} {ergonomic}
     bool ProfileInterpreter                       = false                                  {pd product} {command line}
    uintx ProfiledCodeHeapSize                     = 0                                      {pd product} {ergonomic}
     bool ShowCodeDetailsInExceptionMessages       = true                                   {manageable} {command line}
   size_t SoftMaxHeapSize                          = 1023410176                             {manageable} {ergonomic}
     intx TieredStopAtLevel                        = 1                                         {product} {command line}
     bool UseCompressedClassPointers               = true                           {product lp64_product} {ergonomic}
     bool UseCompressedOops                        = true                           {product lp64_product} {ergonomic}
     bool UseG1GC                                  = true                                      {product} {ergonomic}
     bool UseLargePagesIndividualAllocation        = false                                  {pd product} {ergonomic}

Logging:
Log output configuration:
 #0: stdout all=warning uptime,level,tags
 #1: stderr all=off uptime,level,tags

Environment Variables:
PATH=C:\Program Files\Common Files\Oracle\Java\javapath;C:\Python\Python39\Scripts\;C:\Python\Python39\;C:\WINDOWS\system32;C:\WINDOWS;C:\WINDOWS\System32\Wbem;C:\WINDOWS\System32\WindowsPowerShell\v1.0\;C:\WINDOWS\System32\OpenSSH\;C:\Program Files\dotnet\;C:\Program Files\Microsoft SQL Server\130\Tools\Binn\;C:\Program Files\Microsoft SQL Server\Client SDK\ODBC\170\Tools\Binn\;C:\Program Files (x86)\Microsoft SQL Server\150\Tools\Binn\;C:\Program Files\Microsoft SQL Server\150\Tools\Binn\;C:\Program Files\Microsoft SQL Server\150\DTS\Binn\;C:\Program Files (x86)\Microsoft SQL Server\150\DTS\Binn\;C:\Program Files\Azure Data Studio\bin;C:\Program Files\Git\cmd;C:\composer;C:\xampp\php;C:\Program Files\Docker\Docker\resources\bin;C:\Users\brnoz\anaconda3;C:\Users\brnoz\anaconda3\Library\mingw-w64\bin;C:\Users\brnoz\anaconda3\Library\usr\bin;C:\Users\brnoz\anaconda3\Library\bin;C:\Users\brnoz\anaconda3\Scripts;C:\Users\brnoz\AppData\Local\Microsoft\WindowsApps;C:\Users\brnoz\.dotnet\tools;C:\Program Files\Azure Data Studio\bin;C:\Users\brnoz\AppData\Roaming\Composer\vendor\bin;C:\Program Files\JetBrains\PhpStorm 2021.2.3\bin;C:\Users\brnoz\AppData\Local\Microsoft\WindowsApps;C:\Program Files\JetBrains\IntelliJ IDEA Community Edition 2022.1\bin;C:\Users\brnoz\AppData\Local\Programs\Microsoft VS Code\bin;C:\Users\brnoz\.dotnet\tools
USERNAME=brnoz
OS=Windows_NT
PROCESSOR_IDENTIFIER=Intel64 Family 6 Model 126 Stepping 5, GenuineIntel



---------------  S Y S T E M  ---------------

OS:
 Windows 11 , 64 bit Build 22000 (10.0.22000.1219)
OS uptime: 0 days 19:12 hours
Hyper-V role detected

CPU: total 4 (initial active 4) (2 cores per cpu, 2 threads per core) family 6 model 126 stepping 5 microcode 0xa6, cx8, cmov, fxsr, ht, mmx, 3dnowpref, sse, sse2, sse3, ssse3, sse4.1, sse4.2, popcnt, lzcnt, tsc, tscinvbit, avx, avx2, aes, erms, clmul, bmi1, bmi2, adx, avx512f, avx512dq, avx512cd, avx512bw, avx512vl, sha, fma, vzeroupper, avx512_vpopcntdq, avx512_vpclmulqdq, avx512_vaes, avx512_vnni, clflush, clflushopt, avx512_vbmi2, avx512_vbmi, hv

Memory: 4k page, system-wide physical 3902M (323M free)
TotalPageFile size 15678M (AvailPageFile size 22M)
current process WorkingSet (physical memory assigned to process): 10M, peak: 10M
current process commit charge ("private bytes"): 46M, peak: 108M

vm_info: Java HotSpot(TM) 64-Bit Server VM (17.0.2+8-LTS-86) for windows-amd64 JRE (17.0.2+8-LTS-86), built on Dec  7 2021 21:51:03 by "mach5one" with MS VC++ 16.8 / 16.9 (VS2019)

END.
